Loaded map kmr_00
Loaded 107 textures from kmr_tex
Map background is kmr_bg
Initializing OpenGL (version 4.5.13399 Compatibility Profile Context 15.200.1060.0)
Loaded map kmr_02
Loaded 107 textures from kmr_tex
Map background is kmr_bg
Loaded map kmr_03
Loaded 107 textures from kmr_tex
Map background is kmr_bg
Loaded map kmr_05
Loaded 107 textures from kmr_tex
Map background is kmr_bg
Loaded map kmr_06
Loaded 107 textures from kmr_tex
Map background is kmr_bg
Loaded map kmr_07
Loaded 107 textures from kmr_tex
Map background is kmr_bg
Saved config: mod.cfg
Exited without error.
