Initializing OpenGL (version 4.6.0 - Build 26.20.100.7870)
Compiling shader: vert.glsl
Compiling shader: vert.glsl
Loaded mac_01.xml in 177.28 ms
Found area config for mac_01
Found map config for mac_01
Loaded 104 textures from mac_tex
Map background is nok_bg
Loaded 5 guide sprites for the 3D cursor.
Exec: Change Object Selection
Exec: Change Object Selection
Exec: Change Object Selection
Exec: Change Object Selection
Exec: Change Object Selection
Exec: Change Object Selection
Exec: Change Object Selection
Exec: Change Object Selection
Exec: Change Object Selection
Exec: Change Object Selection
Exec: Change Object Selection
Exec: Change Object Selection
Exec: Change Object Selection
Saved config: editor.cfg
Exited without error.
